<?xml version="1.0" encoding="UTF-8"?>
<!-- Generated by org.testng.reporters.JUnitXMLReporter -->
<testsuite ignored="0" hostname="LAPTOP-VB9FJKNE" failures="0" tests="4" name="Default test" time="9.302" errors="0" timestamp="2025-03-12T16:41:23 IST">
  <testcase classname="outhTwo.tests.Testcase" name="CreatePlaylist" time="7.537"/>
  <testcase classname="outhTwo.tests.Testcase" name="retrivePlayList" time="0.424"/>
  <testcase classname="outhTwo.tests.Testcase" name="updatePlayList" time="0.584"/>
  <testcase classname="outhTwo.tests.Testcase" name="CreatePlaylistNeg" time="0.382"/>
</testsuite> <!-- Default test -->
